<?xml version="1.0" encoding="UTF-8"?>
<!-- Generated by org.testng.reporters.JUnitXMLReporter -->
<testsuite hostname="EPUALVIW1172" name="AuthorizeServiceSOAPIntegrationTest" tests="4" failures="0" timestamp="14 Dec 2015 11:37:39 GMT" time="0.021" errors="0">
  <testcase name="testAuthorizeEmptyEmailNegative" time="0.005" classname="com.epam.integration.AuthorizeUserTest"/>
  <testcase name="testAuthorizeEmptyPasswordNegative" time="0.003" classname="com.epam.integration.AuthorizeUserTest"/>
  <testcase name="testAuthorizeNoExistNegative" time="0.003" classname="com.epam.integration.AuthorizeUserTest"/>
  <testcase name="testAuthorizePositive" time="0.004" classname="com.epam.integration.AuthorizeUserTest"/>
</testsuite> <!-- AuthorizeServiceSOAPIntegrationTest -->
