<?xml version="1.0" encoding="UTF-8"?>
<!-- Generated by org.testng.reporters.JUnitXMLReporter -->
<testsuite hostname="EPUALVIW1172" name="AuthorizeServiceRESTIntegrationTest" tests="4" failures="0" timestamp="14 Dec 2015 11:37:39 GMT" time="0.038" errors="0">
  <testcase name="testAuthorizeEmptyEmailNegative" time="0.009" classname="com.epam.integration.AuthorizeUserTest"/>
  <testcase name="testAuthorizeEmptyPasswordNegative" time="0.008" classname="com.epam.integration.AuthorizeUserTest"/>
  <testcase name="testAuthorizeNoExistNegative" time="0.008" classname="com.epam.integration.AuthorizeUserTest"/>
  <testcase name="testAuthorizePositive" time="0.008" classname="com.epam.integration.AuthorizeUserTest"/>
</testsuite> <!-- AuthorizeServiceRESTIntegrationTest -->
