<?xml version="1.0" encoding="UTF-8"?>
<!-- Generated by org.testng.reporters.JUnitXMLReporter -->
<testsuite hostname="EPUALVIW1172" name="DeleteUserSOAPIntegrationTest" tests="3" failures="0" timestamp="14 Dec 2015 11:37:39 GMT" time="0.017" errors="0">
  <testcase name="testDeleteInvalidIdNegative" time="0.002" classname="com.epam.integration.DeleteUserTest"/>
  <testcase name="testDeleteNoExistUserNegative" time="0.004" classname="com.epam.integration.DeleteUserTest"/>
  <testcase name="testDeleteUserPositive" time="0.007" classname="com.epam.integration.DeleteUserTest"/>
</testsuite> <!-- DeleteUserSOAPIntegrationTest -->
