<?xml version="1.0" encoding="UTF-8"?>
<!-- Generated by org.testng.reporters.JUnitXMLReporter -->
<testsuite hostname="EPUALVIW1172" name="DeleteUserRESTIntegrationTest" tests="3" failures="0" timestamp="14 Dec 2015 11:37:39 GMT" time="0.036" errors="0">
  <testcase name="testDeleteInvalidIdNegative" time="0.008" classname="com.epam.integration.DeleteUserTest"/>
  <testcase name="testDeleteNoExistUserNegative" time="0.008" classname="com.epam.integration.DeleteUserTest"/>
  <testcase name="testDeleteUserPositive" time="0.016" classname="com.epam.integration.DeleteUserTest"/>
</testsuite> <!-- DeleteUserRESTIntegrationTest -->
