<?xml version="1.0" encoding="UTF-8"?>
<!-- Generated by org.testng.reporters.JUnitXMLReporter -->
<testsuite hostname="EPUALVIW1172" name="GetUsersByRoleNameSOAPIntegrationTest" tests="2" failures="0" timestamp="14 Dec 2015 11:37:40 GMT" time="0.011" errors="0">
  <testcase name="testGetUserByRoleNameNegative" time="0.003" classname="com.epam.integration.GetUsersByRoleNameTest"/>
  <testcase name="testGetUsersByRoleNamePositive" time="0.006" classname="com.epam.integration.GetUsersByRoleNameTest"/>
</testsuite> <!-- GetUsersByRoleNameSOAPIntegrationTest -->
