<?xml version="1.0" encoding="UTF-8"?>
<!-- Generated by org.testng.reporters.JUnitXMLReporter -->
<testsuite hostname="EPUALVIW1172" name="LoginServiceSOAPIntegrationTest" tests="4" failures="0" timestamp="14 Dec 2015 11:37:39 GMT" time="0.021" errors="0">
  <testcase name="testLoginEmptyEmailNegative" time="0.004" classname="com.epam.integration.LoginUserTest"/>
  <testcase name="testLoginEmptyPasswordNegative" time="0.003" classname="com.epam.integration.LoginUserTest"/>
  <testcase name="testLoginNoExistUser" time="0.003" classname="com.epam.integration.LoginUserTest"/>
  <testcase name="testLoginPositive" time="0.004" classname="com.epam.integration.LoginUserTest"/>
</testsuite> <!-- LoginServiceSOAPIntegrationTest -->
