<?xml version="1.0" encoding="UTF-8"?>
<!-- Generated by org.testng.reporters.JUnitXMLReporter -->
<testsuite hostname="EPUALVIW1172" name="LoginServiceRESTIntegrationTest" tests="4" failures="0" timestamp="14 Dec 2015 11:37:39 GMT" time="0.039" errors="0">
  <testcase name="testLoginEmptyEmailNegative" time="0.009" classname="com.epam.integration.LoginUserTest"/>
  <testcase name="testLoginEmptyPasswordNegative" time="0.008" classname="com.epam.integration.LoginUserTest"/>
  <testcase name="testLoginNoExistUser" time="0.008" classname="com.epam.integration.LoginUserTest"/>
  <testcase name="testLoginPositive" time="0.009" classname="com.epam.integration.LoginUserTest"/>
</testsuite> <!-- LoginServiceRESTIntegrationTest -->
