<?xml version="1.0" encoding="UTF-8"?>
<!-- Generated by org.testng.reporters.JUnitXMLReporter -->
<testsuite hostname="EPUALVIW1172" name="RegistrationServiceSOAPIntegrationTest" tests="4" failures="0" timestamp="14 Dec 2015 11:37:39 GMT" time="0.025" errors="0">
  <testcase name="testRegisterEmptyEmailNegative" time="0.004" classname="com.epam.integration.RegistrationUserTest"/>
  <testcase name="testRegisterEmptyPasswordNegative" time="0.004" classname="com.epam.integration.RegistrationUserTest"/>
  <testcase name="testRegisterExistingUserNegative" time="0.004" classname="com.epam.integration.RegistrationUserTest"/>
  <testcase name="testRegisterPositive" time="0.008" classname="com.epam.integration.RegistrationUserTest"/>
</testsuite> <!-- RegistrationServiceSOAPIntegrationTest -->
