<?xml version="1.0" encoding="UTF-8"?>
<!-- Generated by org.testng.reporters.JUnitXMLReporter -->
<testsuite hostname="EPUALVIW1172" name="UserServiceSOAPUnitTest" tests="6" failures="0" timestamp="14 Dec 2015 11:37:39 GMT" time="0.549" errors="0">
  <testcase name="testAuthorizeUser" time="0.078" classname="com.epam.unit.UserServiceTest"/>
  <testcase name="testDeleteUser" time="0.007" classname="com.epam.unit.UserServiceTest"/>
  <testcase name="testGetAllUser" time="0.004" classname="com.epam.unit.UserServiceTest"/>
  <testcase name="testGetUsersByRoleName" time="0.004" classname="com.epam.unit.UserServiceTest"/>
  <testcase name="testLoginUser" time="0.003" classname="com.epam.unit.UserServiceTest"/>
  <testcase name="testRegisterUser" time="0.004" classname="com.epam.unit.UserServiceTest"/>
</testsuite> <!-- UserServiceSOAPUnitTest -->
