<?xml version="1.0" encoding="UTF-8"?>
<!-- Generated by org.testng.reporters.JUnitXMLReporter -->
<testsuite hostname="EPUALVIW1172" name="UserServiceRESTUnitTest" tests="6" failures="0" timestamp="14 Dec 2015 11:37:39 GMT" time="0.594" errors="0">
  <testcase name="testAuthorizeUser" time="0.384" classname="com.epam.unit.UserServiceTest"/>
  <testcase name="testDeleteUser" time="0.022" classname="com.epam.unit.UserServiceTest"/>
  <testcase name="testGetAllUser" time="0.012" classname="com.epam.unit.UserServiceTest"/>
  <testcase name="testGetUsersByRoleName" time="0.02" classname="com.epam.unit.UserServiceTest"/>
  <testcase name="testLoginUser" time="0.009" classname="com.epam.unit.UserServiceTest"/>
  <testcase name="testRegisterUser" time="0.009" classname="com.epam.unit.UserServiceTest"/>
</testsuite> <!-- UserServiceRESTUnitTest -->
